<?xml version="1.0" encoding="UTF-8"?>
<testsuite xmlns:xsi="http://www.w3.org/2001/XMLSchema-instance" xsi:noNamespaceSchemaLocation="https://maven.apache.org/surefire/maven-surefire-plugin/xsd/surefire-test-report-3.0.xsd" version="3.0" name="org.treinamento.integration.CadastroAlunoIntegrationTest" time="9.297" tests="4" errors="0" skipped="0" failures="0">
  <properties>
[...]
</properties>
  <testcase name="testSalvarAluno_201" classname="org.treinamento.integration.CadastroAlunoIntegrationTest" time="1.2">
    <system-out><![CDATA[14:07:26.242 [main] INFO org.springframework.test.context.support.AnnotationConfigContextLoaderUtils -- Could not detect default configuration classes for test class [org.treinamento.integration.CadastroAlunoIntegrationTest]: CadastroAlunoIntegrationTest does not declare any static, non-private, non-final, nested classes annotated with @Configuration.
14:07:26.376 [main] INFO org.springframework.boot.test.context.SpringBootTestContextBootstrapper -- Found @SpringBootConfiguration org.treinamento.Application for test class org.treinamento.integration.CadastroAlunoIntegrationTest

  .   ____          _            __ _ _
 /\\ / ___'_ __ _ _(_)_ __  __ _ \ \ \ \
( ( )\___ | '_ | '_| | '_ \/ _` | \ \ \ \
 \\/  ___)| |_)| | | | | || (_| |  ) ) ) )
  '  |____| .__|_| |_|_| |_\__, | / / / /
 =========|_|==============|___/=/_/_/_/
 :: Spring Boot ::               (v3.2.12)

2025-01-22T14:07:28.079-03:00  INFO 3107 --- [           main] c.maciejwalkowiak.wiremock.spring.Store  : Resolving store from context: application
2025-01-22T14:07:28.118-03:00  INFO 3107 --- [           main] c.m.w.spring.WireMockContextCustomizer   : Configuring WireMockServer with name 'wiremock-server' on port: 8280
2025-01-22T14:07:29.042-03:00  INFO 3107 --- [           main] c.m.w.spring.WireMockContextCustomizer   : Started WireMockServer with name 'wiremock-server':http://localhost:8280
2025-01-22T14:07:29.043-03:00  INFO 3107 --- [           main] c.maciejwalkowiak.wiremock.spring.Store  : Resolving store from context: application
2025-01-22T14:07:29.070-03:00  INFO 3107 --- [           main] o.t.i.CadastroAlunoIntegrationTest       : Starting CadastroAlunoIntegrationTest using Java 17.0.12 with PID 3107 (started by m516288 in /home/m516288/projetos/treinamento_bff)
2025-01-22T14:07:29.071-03:00  INFO 3107 --- [           main] o.t.i.CadastroAlunoIntegrationTest       : The following 1 profile is active: "test"
2025-01-22T14:07:29.978-03:00  INFO 3107 --- [           main] .s.d.r.c.RepositoryConfigurationDelegate : Bootstrapping Spring Data JPA repositories in DEFAULT mode.
2025-01-22T14:07:30.031-03:00  INFO 3107 --- [           main] .s.d.r.c.RepositoryConfigurationDelegate : Finished Spring Data repository scanning in 34 ms. Found 0 JPA repository interfaces.
2025-01-22T14:07:30.327-03:00  INFO 3107 --- [           main] o.s.cloud.context.scope.GenericScope     : BeanFactory id=aafc586c-48f0-33bd-bcc0-1d255902657d
2025-01-22T14:07:30.640-03:00  INFO 3107 --- [           main] com.zaxxer.hikari.HikariDataSource       : HikariPool-1 - Starting...
2025-01-22T14:07:30.851-03:00  INFO 3107 --- [           main] com.zaxxer.hikari.pool.HikariPool        : HikariPool-1 - Added connection conn0: url=jdbc:h2:mem:1aeef642-8201-40c8-b6e9-193a52b93b57 user=SA
2025-01-22T14:07:30.853-03:00  INFO 3107 --- [           main] com.zaxxer.hikari.HikariDataSource       : HikariPool-1 - Start completed.
2025-01-22T14:07:30.908-03:00  INFO 3107 --- [           main] o.hibernate.jpa.internal.util.LogHelper  : HHH000204: Processing PersistenceUnitInfo [name: default]
2025-01-22T14:07:30.970-03:00  INFO 3107 --- [           main] org.hibernate.Version                    : HHH000412: Hibernate ORM core version 6.4.10.Final
2025-01-22T14:07:31.018-03:00  INFO 3107 --- [           main] o.h.c.internal.RegionFactoryInitiator    : HHH000026: Second-level cache disabled
2025-01-22T14:07:31.267-03:00  INFO 3107 --- [           main] o.s.o.j.p.SpringPersistenceUnitInfo      : No LoadTimeWeaver setup: ignoring JPA class transformer
2025-01-22T14:07:31.631-03:00  INFO 3107 --- [           main] o.h.e.t.j.p.i.JtaPlatformInitiator       : HHH000489: No JTA platform available (set 'hibernate.transaction.jta.platform' to enable JTA platform integration)
2025-01-22T14:07:31.635-03:00  INFO 3107 --- [           main] j.LocalContainerEntityManagerFactoryBean : Initialized JPA EntityManagerFactory for persistence unit 'default'
2025-01-22T14:07:32.043-03:00  WARN 3107 --- [           main] JpaBaseConfiguration$JpaWebConfiguration : spring.jpa.open-in-view is enabled by default. Therefore, database queries may be performed during view rendering. Explicitly configure spring.jpa.open-in-view to disable this warning
2025-01-22T14:07:33.950-03:00  INFO 3107 --- [           main] o.s.cloud.commons.util.InetUtils         : Cannot determine local hostname
2025-01-22T14:07:34.030-03:00  INFO 3107 --- [           main] o.t.i.CadastroAlunoIntegrationTest       : Started CadastroAlunoIntegrationTest in 7.468 seconds (process running for 8.779)
2025-01-22T14:07:34.908-03:00  INFO 3107 --- [           main] c.maciejwalkowiak.wiremock.spring.Store  : Resolving store from context: application
2025-01-22T14:07:34.911-03:00  INFO 3107 --- [           main] c.maciejwalkowiak.wiremock.spring.Store  : Resolving store from context: application
2025-01-22T14:07:35.216-03:00  INFO 3107 --- [qtp404648659-27] WireMock                                 : Request received:
127.0.0.1 - POST /aluno/salvar

Content-Type: [application/json]
Accept: [*/*]
User-Agent: [Java/17.0.12]
Host: [localhost:8280]
Connection: [keep-alive]
Content-Length: [118]
{"matricula":"180","nomeAluno":"Aline Abreu","endereco":"Rua W, 654","cpf":"08400385161","dataMatricula":"20/01/2024"}


Matched response definition:
{
  "status" : 201,
  "body" : "{\r\n  \"totalPaginas\": \"1\",\r\n  \"mensagem\": \"Aluno salvo com sucesso.\",\r\n  \"content\": [\r\n    {\r\n      \"matricula\": \"180\",\r\n      \"nomeAluno\": \"Aline Abreu\",\r\n      \"endereco\": \"Rua W, 654\",\r\n      \"cpf\": \"08400385161\",\r\n      \"dataMatricula\": \"20/01/2024\"\r\n    }\r\n  ]\r\n}",
  "headers" : {
    "Content-Type" : "application/json"
  }
}

Response:
HTTP/1.1 201
Content-Type: [application/json]
Matched-Stub-Id: [ebc6e16c-52b9-4829-8187-f2d2ef0de18e]

]]></system-out>
  </testcase>
  <testcase name="testSalvarAluno_400" classname="org.treinamento.integration.CadastroAlunoIntegrationTest" time="0.03">
    <system-out><![CDATA[2025-01-22T14:07:35.284-03:00  INFO 3107 --- [           main] c.maciejwalkowiak.wiremock.spring.Store  : Resolving store from context: application
2025-01-22T14:07:35.285-03:00  INFO 3107 --- [           main] c.maciejwalkowiak.wiremock.spring.Store  : Resolving store from context: application
2025-01-22T14:07:35.299-03:00  INFO 3107 --- [qtp404648659-21] WireMock                                 : Request received:
127.0.0.1 - POST /aluno/salvar

Content-Type: [application/json]
Accept: [*/*]
User-Agent: [Java/17.0.12]
Host: [localhost:8280]
Connection: [keep-alive]
Content-Length: [117]
{"matricula":null,"nomeAluno":"Aline Abreu","endereco":"Rua W, 654","cpf":"08400385161","dataMatricula":"20/01/2024"}


Matched response definition:
{
  "status" : 400,
  "body" : "{\r\n  \"totalPaginas\": \"0\",\r\n  \"mensagem\": \"Não foi possível salvar o aluno, verifique os dados e tente novamente.\",\r\n  \"content\": []\r\n}",
  "headers" : {
    "Content-Type" : "application/json"
  }
}

Response:
HTTP/1.1 400
Content-Type: [application/json]
Matched-Stub-Id: [4c8729d3-bfb4-4488-b456-6f4ddcb3187d]

]]></system-out>
  </testcase>
  <testcase name="testObterAluno_200" classname="org.treinamento.integration.CadastroAlunoIntegrationTest" time="0.021">
    <system-out><![CDATA[2025-01-22T14:07:35.311-03:00  INFO 3107 --- [           main] c.maciejwalkowiak.wiremock.spring.Store  : Resolving store from context: application
2025-01-22T14:07:35.312-03:00  INFO 3107 --- [           main] c.maciejwalkowiak.wiremock.spring.Store  : Resolving store from context: application
2025-01-22T14:07:35.325-03:00  INFO 3107 --- [qtp404648659-26] WireMock                                 : Request received:
127.0.0.1 - GET /aluno?matricula=150

Accept: [*/*]
User-Agent: [Java/17.0.12]
Host: [localhost:8280]
Connection: [keep-alive]



Matched response definition:
{
  "status" : 200,
  "body" : "{\r\n  \"totalPaginas\": \"1\",\r\n  \"mensagem\": \"Retorno sucesso.\",\r\n  \"content\": [\r\n    {\r\n      \"matricula\": \"150\",\r\n      \"nomeAluno\": \"Eduardo Ribeiro\",\r\n      \"endereco\": \"Rua Y, 913\",\r\n      \"cpf\": \"56789012345\",\r\n      \"dataMatricula\": \"25/01/2023\"\r\n    }\r\n  ]\r\n}",
  "headers" : {
    "Content-Type" : "application/json"
  }
}

Response:
HTTP/1.1 200
Content-Type: [application/json]
Matched-Stub-Id: [01f55b53-0cd8-4c68-9d1f-131abd15f8a3]

]]></system-out>
  </testcase>
  <testcase name="testObterAluno_400" classname="org.treinamento.integration.CadastroAlunoIntegrationTest" time="0.012">
    <system-out><![CDATA[2025-01-22T14:07:35.334-03:00  INFO 3107 --- [           main] c.maciejwalkowiak.wiremock.spring.Store  : Resolving store from context: application
2025-01-22T14:07:35.335-03:00  INFO 3107 --- [           main] c.maciejwalkowiak.wiremock.spring.Store  : Resolving store from context: application
2025-01-22T14:07:35.339-03:00  INFO 3107 --- [qtp404648659-25] WireMock                                 : Request received:
127.0.0.1 - GET /aluno?matricula=151

Accept: [*/*]
User-Agent: [Java/17.0.12]
Host: [localhost:8280]
Connection: [keep-alive]



Matched response definition:
{
  "status" : 400,
  "body" : "{\r\n  \"totalPaginas\": \"0\",\r\n  \"mensagem\": \"Não foi possível localizar um aluno com esta matrícula\",\r\n  \"content\": []\r\n}",
  "headers" : {
    "Content-Type" : "application/json"
  }
}

Response:
HTTP/1.1 400
Content-Type: [application/json]
Matched-Stub-Id: [1e4c3802-653f-474b-90b1-eea93e2ae013]

]]></system-out>
  </testcase>
</testsuite>